<?xml version="1.0" encoding="UTF-8" ?>
<testsuite tests="11" failures="0" name="com.jeffthefate.setlist.SetlistTest" time="23.035" errors="0" skipped="0">
  <properties>
[...]
</properties>
  <testcase classname="com.jeffthefate.setlist.SetlistTest" name="testStripSpecialCharacters" time="3.098"/>
  <testcase classname="com.jeffthefate.setlist.SetlistTest" name="testCreatePlayersMessageLong" time="1.983"/>
  <testcase classname="com.jeffthefate.setlist.SetlistTest" name="testConvertStringToDate" time="2.052"/>
  <testcase classname="com.jeffthefate.setlist.SetlistTest" name="testFindWinnersIncorrect" time="2.016"/>
  <testcase classname="com.jeffthefate.setlist.SetlistTest" name="testFindWinnersCorrect" time="1.915"/>
  <testcase classname="com.jeffthefate.setlist.SetlistTest" name="testCreateWinnersMessage" time="2.01"/>
  <testcase classname="com.jeffthefate.setlist.SetlistTest" name="testCreatePlayersMessage" time="1.944"/>
  <testcase classname="com.jeffthefate.setlist.SetlistTest" name="testDailySetlistScores" time="1.965"/>
  <testcase classname="com.jeffthefate.setlist.SetlistTest" name="testSortUsersMapEmpty" time="1.932"/>
  <testcase classname="com.jeffthefate.setlist.SetlistTest" name="testLiveSetlist" time="2.116"/>
  <testcase classname="com.jeffthefate.setlist.SetlistTest" name="testSortUsersMap" time="1.971"/>
</testsuite>